<?xml version="1.0" encoding="UTF-8"?>
<testng-results ignored="0" total="1" passed="1" failed="0" skipped="0">
  <reporter-output>
  </reporter-output>
  <suite started-at="2025-01-07T05:30:07Z" name="Default suite" finished-at="2025-01-07T05:30:13Z" duration-ms="5346">
    <groups>
    </groups>
    <test started-at="2025-01-07T05:30:07Z" name="Default test" finished-at="2025-01-07T05:30:13Z" duration-ms="5346">
      <class name="testcases.AlertTest">
        <test-method is-config="true" signature="launchObsquraBrowser()[pri:0, instance:testcases.AlertTest@14bdbc74]" started-at="2025-01-07T11:00:07Z" name="launchObsquraBrowser" finished-at="2025-01-07T11:00:12Z" duration-ms="4656" status="PASS">
          <reporter-output>
          </reporter-output>
        </test-method> <!-- launchObsquraBrowser -->
        <test-method signature="verifyAutoSuccessButtonIsEnabled()[pri:0, instance:testcases.AlertTest@14bdbc74]" started-at="2025-01-07T11:00:12Z" name="verifyAutoSuccessButtonIsEnabled" finished-at="2025-01-07T11:00:13Z" duration-ms="659" status="PASS">
          <reporter-output>
          </reporter-output>
        </test-method> <!-- verifyAutoSuccessButtonIsEnabled -->
      </class> <!-- testcases.AlertTest -->
    </test> <!-- Default test -->
  </suite> <!-- Default suite -->
</testng-results>
