<?xml version="1.0" encoding="UTF-8"?>
<!-- Generated by org.testng.reporters.JUnitXMLReporter -->
<testsuite ignored="1" hostname="LAPTOP-T9VL9J16" failures="0" tests="3" name="Default test" time="8.634" errors="0" timestamp="06 Jan 2025 05:59:50 GMT">
  <testcase classname="basics.RadioButtonTest" name="verifyButtonText" time="0.047"/>
  <testcase classname="basics.RadioButtonTest" name="verifyMaleButtonIsEnabled" time="0.026"/>
  <testcase classname="basics.RadioButtonTest" name="verifyMaleButtonIsEnabled" time="0.02"/>
  <testcase classname="basics.RadioButtonTest" name="verifyButtonBackgroundCOlor" time="0.0">
    <ignored/>
  </testcase> <!-- verifyButtonBackgroundCOlor -->
</testsuite> <!-- Default test -->
