<?xml version="1.0" encoding="UTF-8"?>
<testng-results ignored="1" total="4" passed="3" failed="0" skipped="0">
  <reporter-output>
  </reporter-output>
  <suite started-at="2025-01-06T05:59:41Z" name="Default suite" finished-at="2025-01-06T05:59:50Z" duration-ms="8634">
    <groups>
    </groups>
    <test started-at="2025-01-06T05:59:41Z" name="Default test" finished-at="2025-01-06T05:59:50Z" duration-ms="8634">
      <class name="basics.RadioButtonTest">
        <test-method is-config="true" signature="launchBrowser()[pri:0, instance:basics.RadioButtonTest@2254127a]" started-at="2025-01-06T11:29:41Z" name="launchBrowser" finished-at="2025-01-06T11:29:45Z" duration-ms="3168" status="PASS">
          <reporter-output>
          </reporter-output>
        </test-method> <!-- launchBrowser -->
        <test-method signature="verifyButtonText()[pri:-2, instance:basics.RadioButtonTest@2254127a]" started-at="2025-01-06T11:29:45Z" name="verifyButtonText" finished-at="2025-01-06T11:29:45Z" duration-ms="47" status="PASS">
          <reporter-output>
          </reporter-output>
        </test-method> <!-- verifyButtonText -->
        <test-method is-config="true" signature="launchBrowser()[pri:0, instance:basics.RadioButtonTest@2254127a]" started-at="2025-01-06T11:29:45Z" name="launchBrowser" finished-at="2025-01-06T11:29:47Z" duration-ms="2739" status="PASS">
          <reporter-output>
          </reporter-output>
        </test-method> <!-- launchBrowser -->
        <test-method signature="verifyMaleButtonIsEnabled()[pri:2, instance:basics.RadioButtonTest@2254127a]" started-at="2025-01-06T11:29:47Z" name="verifyMaleButtonIsEnabled" finished-at="2025-01-06T11:29:47Z" duration-ms="26" status="PASS">
          <reporter-output>
          </reporter-output>
        </test-method> <!-- verifyMaleButtonIsEnabled -->
        <test-method is-config="true" signature="launchBrowser()[pri:0, instance:basics.RadioButtonTest@2254127a]" started-at="2025-01-06T11:29:47Z" name="launchBrowser" finished-at="2025-01-06T11:29:50Z" duration-ms="2617" status="PASS">
          <reporter-output>
          </reporter-output>
        </test-method> <!-- launchBrowser -->
        <test-method signature="verifyMaleButtonIsEnabled()[pri:2, instance:basics.RadioButtonTest@2254127a]" started-at="2025-01-06T11:29:50Z" name="verifyMaleButtonIsEnabled" finished-at="2025-01-06T11:29:50Z" duration-ms="20" status="PASS">
          <reporter-output>
          </reporter-output>
        </test-method> <!-- verifyMaleButtonIsEnabled -->
      </class> <!-- basics.RadioButtonTest -->
    </test> <!-- Default test -->
  </suite> <!-- Default suite -->
</testng-results>
