<?xml version="1.0" encoding="UTF-8"?>
<testng-results ignored="0" total="3" passed="3" failed="0" skipped="0">
  <reporter-output>
  </reporter-output>
  <suite started-at="2025-01-03T06:35:05Z" name="SuitName" finished-at="2025-01-03T06:35:11Z" duration-ms="6304">
    <groups>
    </groups>
    <test started-at="2025-01-03T06:35:05Z" name="TestName" finished-at="2025-01-03T06:35:11Z" duration-ms="6304">
      <class name="basics.FacebookExample">
        <test-method is-config="true" signature="launchBrowser()[pri:0, instance:basics.FacebookExample@19bb07ed]" started-at="2025-01-03T12:05:05Z" name="launchBrowser" finished-at="2025-01-03T12:05:07Z" duration-ms="2421" status="PASS">
          <reporter-output>
          </reporter-output>
        </test-method> <!-- launchBrowser -->
        <test-method signature="enterLoginCredentials(java.lang.String, java.lang.String)[pri:0, instance:basics.FacebookExample@19bb07ed]" started-at="2025-01-03T12:05:07Z" name="enterLoginCredentials" data-provider="FB Login Credentials" finished-at="2025-01-03T12:05:08Z" duration-ms="126" status="PASS">
          <params>
            <param index="0">
              <value>
                <![CDATA[usr1]]>
              </value>
            </param>
            <param index="1">
              <value>
                <![CDATA[psw1]]>
              </value>
            </param>
          </params>
          <reporter-output>
          </reporter-output>
        </test-method> <!-- enterLoginCredentials -->
        <test-method is-config="true" signature="launchBrowser()[pri:0, instance:basics.FacebookExample@19bb07ed]" started-at="2025-01-03T12:05:08Z" name="launchBrowser" finished-at="2025-01-03T12:05:09Z" duration-ms="1711" status="PASS">
          <reporter-output>
          </reporter-output>
        </test-method> <!-- launchBrowser -->
        <test-method signature="enterLoginCredentials(java.lang.String, java.lang.String)[pri:0, instance:basics.FacebookExample@19bb07ed]" started-at="2025-01-03T12:05:09Z" name="enterLoginCredentials" data-provider="FB Login Credentials" finished-at="2025-01-03T12:05:09Z" duration-ms="115" status="PASS">
          <params>
            <param index="0">
              <value>
                <![CDATA[usr2]]>
              </value>
            </param>
            <param index="1">
              <value>
                <![CDATA[psw2]]>
              </value>
            </param>
          </params>
          <reporter-output>
          </reporter-output>
        </test-method> <!-- enterLoginCredentials -->
        <test-method is-config="true" signature="launchBrowser()[pri:0, instance:basics.FacebookExample@19bb07ed]" started-at="2025-01-03T12:05:09Z" name="launchBrowser" finished-at="2025-01-03T12:05:11Z" duration-ms="1791" status="PASS">
          <reporter-output>
          </reporter-output>
        </test-method> <!-- launchBrowser -->
        <test-method signature="enterLoginCredentials(java.lang.String, java.lang.String)[pri:0, instance:basics.FacebookExample@19bb07ed]" started-at="2025-01-03T12:05:11Z" name="enterLoginCredentials" data-provider="FB Login Credentials" finished-at="2025-01-03T12:05:11Z" duration-ms="114" status="PASS">
          <params>
            <param index="0">
              <value>
                <![CDATA[usr3]]>
              </value>
            </param>
            <param index="1">
              <value>
                <![CDATA[psw3]]>
              </value>
            </param>
          </params>
          <reporter-output>
          </reporter-output>
        </test-method> <!-- enterLoginCredentials -->
      </class> <!-- basics.FacebookExample -->
    </test> <!-- TestName -->
  </suite> <!-- SuitName -->
</testng-results>
