<?xml version="1.0" encoding="UTF-8"?>
<!-- Generated by org.testng.reporters.JUnitXMLReporter -->
<testsuite ignored="1" hostname="LAPTOP-T9VL9J16" failures="1" tests="11" name="TestName" time="33.846" errors="0" timestamp="03 Jan 2025 15:10:20 GMT">
  <testcase classname="basics.RadioButtonTest" name="verifyButtonText" time="0.055"/>
  <testcase classname="basics.LaunchBrowser" name="verifyFlipkartTitle" time="0.021">
    <failure type="java.lang.AssertionError" message="expected [Happy New Year] but found [Online Shopping Site for Mobiles, Electronics, Furniture, Grocery, Lifestyle, Books &amp;amp; More. Best Offers!]">
      <![CDATA[java.lang.AssertionError: expected [Happy New Year] but found [Online Shopping Site for Mobiles, Electronics, Furniture, Grocery, Lifestyle, Books & More. Best Offers!]
	at basics.LaunchBrowser.verifyFlipkartTitle(LaunchBrowser.java:32)
... Removed 29 stack frames]]>
    </failure>
  </testcase> <!-- verifyFlipkartTitle -->
  <testcase classname="basics.FacebookExample" name="enterLoginCredentials" time="0.134"/>
  <testcase classname="basics.FacebookExample" name="enterLoginCredentials" time="0.18"/>
  <testcase classname="basics.FacebookExample" name="enterLoginCredentials" time="0.161"/>
  <testcase classname="basics.LaunchBrowser" name="verifyCurrentURL" time="0.0">
    <skipped/>
  </testcase> <!-- verifyCurrentURL -->
  <testcase classname="basics.TableExample" name="getAllDetails" time="0.11"/>
  <testcase classname="basics.TableExample" name="getAllNames" time="0.056"/>
  <testcase classname="basics.TableExample" name="getTableHeadings" time="1.198"/>
  <testcase classname="basics.RadioButtonTest" name="verifyMaleButtonIsEnabled" time="0.043"/>
  <testcase classname="basics.RadioButtonTest" name="verifyMaleButtonIsEnabled" time="0.035"/>
  <testcase classname="basics.RadioButtonTest" name="verifyButtonBackgroundCOlor" time="0.0">
    <ignored/>
  </testcase> <!-- verifyButtonBackgroundCOlor -->
</testsuite> <!-- TestName -->
