<?xml version="1.0" encoding="UTF-8"?>
<!-- Generated by org.testng.reporters.JUnitXMLReporter -->
<testsuite ignored="0" hostname="LAPTOP-T9VL9J16" failures="0" tests="3" name="TestName" time="6.304" errors="0" timestamp="03 Jan 2025 06:35:11 GMT">
  <testcase classname="basics.FacebookExample" name="enterLoginCredentials" time="0.126"/>
  <testcase classname="basics.FacebookExample" name="enterLoginCredentials" time="0.115"/>
  <testcase classname="basics.FacebookExample" name="enterLoginCredentials" time="0.114"/>
</testsuite> <!-- TestName -->
