<?xml version="1.0" encoding="UTF-8"?>
<!-- Generated by org.testng.reporters.JUnitXMLReporter -->
<testsuite ignored="1" hostname="LAPTOP-T9VL9J16" failures="0" tests="6" name="TestName 2" time="24.66" errors="0" timestamp="02 Jan 2025 16:03:34 GMT">
  <testcase classname="basics.RadioButtonTest" name="verifyButtonText" time="0.02"/>
  <testcase classname="basics.TableExample" name="getAllDetails" time="0.079"/>
  <testcase classname="basics.TableExample" name="getAllNames" time="0.117"/>
  <testcase classname="basics.TableExample" name="getTableHeadings" time="0.087"/>
  <testcase classname="basics.RadioButtonTest" name="verifyMaleButtonIsEnabled" time="0.028"/>
  <testcase classname="basics.RadioButtonTest" name="verifyMaleButtonIsEnabled" time="0.186"/>
  <testcase classname="basics.RadioButtonTest" name="verifyButtonBackgroundCOlor" time="0.0">
    <ignored/>
  </testcase> <!-- verifyButtonBackgroundCOlor -->
</testsuite> <!-- TestName 2 -->
